<?xml version="1.0" encoding="UTF-8"?>
<!-- Generated by org.testng.reporters.JUnitXMLReporter -->
<testsuite ignored="5" hostname="DESKTOP-RE3DM9I" failures="0" tests="20" name="Test" time="2623.477" errors="0" timestamp="2020-12-11T18:44:17 IST">
  <testcase classname="testcases.AccountTabTest" name="Create_NewAccountConnectrix" time="65.813"/>
  <testcase classname="testcases.AccountTabTest" name="Create_NewAccountConnectrix" time="65.188"/>
  <testcase classname="testcases.AccountTabTest" name="Create_NewAccountConnectrix" time="64.653"/>
  <testcase classname="testcases.AccountTabTest" name="Create_NewAccountConnectrix" time="64.89"/>
  <testcase classname="testcases.AccountTabTest" name="Create_NewAccountConnectrix" time="64.468"/>
  <testcase classname="testcases.AccountTabTest" name="Create_New_WON_Opp" time="98.137"/>
  <testcase classname="testcases.AccountTabTest" name="Create_New_WON_Opp" time="90.235"/>
  <testcase classname="testcases.AccountTabTest" name="Create_New_WON_Opp" time="89.456"/>
  <testcase classname="testcases.AccountTabTest" name="Create_New_WON_Opp" time="92.908"/>
  <testcase classname="testcases.AccountTabTest" name="Create_New_WON_Opp" time="90.045"/>
  <testcase classname="testcases.AccountTabTest" name="Create_OPEN_Opp" time="87.683"/>
  <testcase classname="testcases.AccountTabTest" name="Create_OPEN_Opp" time="87.689"/>
  <testcase classname="testcases.AccountTabTest" name="Create_OPEN_Opp" time="86.584"/>
  <testcase classname="testcases.AccountTabTest" name="Create_OPEN_Opp" time="87.037"/>
  <testcase classname="testcases.AccountTabTest" name="Create_OPEN_Opp" time="87.653"/>
  <testcase classname="testcases.AccountTabTest" name="Create_NewLostOppo" time="59.679"/>
  <testcase classname="testcases.AccountTabTest" name="Create_NewLostOppo" time="60.541"/>
  <testcase classname="testcases.AccountTabTest" name="Create_NewLostOppo" time="59.653"/>
  <testcase classname="testcases.AccountTabTest" name="Create_NewLostOppo" time="59.169"/>
  <testcase classname="testcases.AccountTabTest" name="Create_NewLostOppo" time="60.761"/>
  <testcase classname="testcases.AccountTabTest" name="Create_OrderFROMWonOppnt" time="0.0">
    <ignored/>
  </testcase> <!-- Create_OrderFROMWonOppnt -->
  <testcase classname="testcases.AccountTabTest" name="verifyOPENOpportunityDetails" time="0.0">
    <ignored/>
  </testcase> <!-- verifyOPENOpportunityDetails -->
  <testcase classname="testcases.AccountTabTest" name="verifyWONOpportunityDetails" time="0.0">
    <ignored/>
  </testcase> <!-- verifyWONOpportunityDetails -->
  <testcase classname="testcases.AccountTabTest" name="verifyAccountDetails" time="0.0">
    <ignored/>
  </testcase> <!-- verifyAccountDetails -->
  <testcase classname="testcases.AccountTabTest" name="verifyLOSTOpportunityDetails" time="0.0">
    <ignored/>
  </testcase> <!-- verifyLOSTOpportunityDetails -->
</testsuite> <!-- Test -->
